2016-12-16 00:06:14 =SUPERVISOR REPORT====
     Supervisor: {<0.148.0>,poolboy_sup}
     Context:    shutdown_error
     Reason:     shutdown
     Offender:   [{nb_children,7},{name,boss_session_controller},{mfargs,{boss_session_controller,start_link,[[{name,{local,boss_session_pool}},{worker_module,boss_session_controller},{size,20},{max_overflow,40},{adapter,boss_session_adapter_mock},{session_exp_time,525600},{session_key,"_boss_session"}]]}},{restart_type,temporary},{shutdown,5000},{child_type,worker}]

2016-12-16 00:06:14 =SUPERVISOR REPORT====
     Supervisor: {<0.148.0>,poolboy_sup}
     Context:    shutdown_error
     Reason:     noproc
     Offender:   [{nb_children,1},{name,boss_session_controller},{mfargs,{boss_session_controller,start_link,[[{name,{local,boss_session_pool}},{worker_module,boss_session_controller},{size,20},{max_overflow,40},{adapter,boss_session_adapter_mock},{session_exp_time,525600},{session_key,"_boss_session"}]]}},{restart_type,temporary},{shutdown,5000},{child_type,worker}]

2016-12-16 00:06:40 =ERROR REPORT====
** Generic server <0.294.0> terminating 
** Last message in was {route,"/"}
** When Server state == {state,currencyfair_server,[],57390,61487,65584}
** Reason for termination == 
** {badarg,[{erlang,list_to_atom,[undefined],[]},{boss_router_controller,route,2,[{file,"src/boss/boss_router_controller.erl"},{line,172}]},{boss_router_controller,handle_call,3,[{file,"src/boss/boss_router_controller.erl"},{line,64}]},{gen_server,try_handle_call,4,[{file,"gen_server.erl"},{line,607}]},{gen_server,handle_msg,5,[{file,"gen_server.erl"},{line,639}]},{proc_lib,init_p_do_apply,3,[{file,"proc_lib.erl"},{line,237}]}]}
2016-12-16 00:06:40 =CRASH REPORT====
  crasher:
    initial call: boss_router_controller:init/1
    pid: <0.294.0>
    registered_name: []
    exception exit: {{badarg,[{erlang,list_to_atom,[undefined],[]},{boss_router_controller,route,2,[{file,"src/boss/boss_router_controller.erl"},{line,172}]},{boss_router_controller,handle_call,3,[{file,"src/boss/boss_router_controller.erl"},{line,64}]},{gen_server,try_handle_call,4,[{file,"gen_server.erl"},{line,607}]},{gen_server,handle_msg,5,[{file,"gen_server.erl"},{line,639}]},{proc_lib,init_p_do_apply,3,[{file,"proc_lib.erl"},{line,237}]}]},[{gen_server,terminate,7,[{file,"gen_server.erl"},{line,804}]},{proc_lib,init_p_do_apply,3,[{file,"proc_lib.erl"},{line,237}]}]}
    ancestors: [<0.293.0>,boss_web,boss_sup,<0.53.0>]
    messages: []
    links: [<0.293.0>]
    dictionary: [{boss_environment,production}]
    trap_exit: false
    status: running
    heap_size: 2586
    stack_size: 27
    reductions: 3391
  neighbours:
2016-12-16 00:06:40 =SUPERVISOR REPORT====
     Supervisor: {<0.293.0>,boss_router_sup}
     Context:    child_terminated
     Reason:     {badarg,[{erlang,list_to_atom,[undefined],[]},{boss_router_controller,route,2,[{file,"src/boss/boss_router_controller.erl"},{line,172}]},{boss_router_controller,handle_call,3,[{file,"src/boss/boss_router_controller.erl"},{line,64}]},{gen_server,try_handle_call,4,[{file,"gen_server.erl"},{line,607}]},{gen_server,handle_msg,5,[{file,"gen_server.erl"},{line,639}]},{proc_lib,init_p_do_apply,3,[{file,"proc_lib.erl"},{line,237}]}]}
     Offender:   [{pid,<0.294.0>},{name,router_controller},{mfargs,{boss_router_controller,start_link,[[{application,currencyfair_server},{controllers,[]}]]}},{restart_type,permanent},{shutdown,2000},{child_type,worker}]

2016-12-16 00:06:44 =ERROR REPORT====
** Generic server <0.302.0> terminating 
** Last message in was {handle,404}
** When Server state == {state,currencyfair_server,[],73776,77871,81966}
** Reason for termination == 
** {badarg,[{erlang,list_to_atom,[undefined],[]},{boss_router_controller,handle,2,[{file,"src/boss/boss_router_controller.erl"},{line,146}]},{boss_router_controller,handle_call,3,[{file,"src/boss/boss_router_controller.erl"},{line,59}]},{gen_server,try_handle_call,4,[{file,"gen_server.erl"},{line,607}]},{gen_server,handle_msg,5,[{file,"gen_server.erl"},{line,639}]},{proc_lib,init_p_do_apply,3,[{file,"proc_lib.erl"},{line,237}]}]}
2016-12-16 00:06:44 =CRASH REPORT====
  crasher:
    initial call: boss_router_controller:init/1
    pid: <0.302.0>
    registered_name: []
    exception exit: {{badarg,[{erlang,list_to_atom,[undefined],[]},{boss_router_controller,handle,2,[{file,"src/boss/boss_router_controller.erl"},{line,146}]},{boss_router_controller,handle_call,3,[{file,"src/boss/boss_router_controller.erl"},{line,59}]},{gen_server,try_handle_call,4,[{file,"gen_server.erl"},{line,607}]},{gen_server,handle_msg,5,[{file,"gen_server.erl"},{line,639}]},{proc_lib,init_p_do_apply,3,[{file,"proc_lib.erl"},{line,237}]}]},[{gen_server,terminate,7,[{file,"gen_server.erl"},{line,804}]},{proc_lib,init_p_do_apply,3,[{file,"proc_lib.erl"},{line,237}]}]}
    ancestors: [<0.293.0>,boss_web,boss_sup,<0.53.0>]
    messages: []
    links: [<0.293.0>]
    dictionary: [{boss_environment,production}]
    trap_exit: false
    status: running
    heap_size: 2586
    stack_size: 27
    reductions: 3327
  neighbours:
2016-12-16 00:06:44 =SUPERVISOR REPORT====
     Supervisor: {<0.293.0>,boss_router_sup}
     Context:    child_terminated
     Reason:     {badarg,[{erlang,list_to_atom,[undefined],[]},{boss_router_controller,handle,2,[{file,"src/boss/boss_router_controller.erl"},{line,146}]},{boss_router_controller,handle_call,3,[{file,"src/boss/boss_router_controller.erl"},{line,59}]},{gen_server,try_handle_call,4,[{file,"gen_server.erl"},{line,607}]},{gen_server,handle_msg,5,[{file,"gen_server.erl"},{line,639}]},{proc_lib,init_p_do_apply,3,[{file,"proc_lib.erl"},{line,237}]}]}
     Offender:   [{pid,<0.302.0>},{name,router_controller},{mfargs,{boss_router_controller,start_link,[[{application,currencyfair_server},{controllers,[]}]]}},{restart_type,permanent},{shutdown,2000},{child_type,worker}]

2016-12-16 00:06:51 =ERROR REPORT====
** Generic server <0.305.0> terminating 
** Last message in was {handle,404}
** When Server state == {state,currencyfair_server,[],86062,90159,94256}
** Reason for termination == 
** {badarg,[{erlang,list_to_atom,[undefined],[]},{boss_router_controller,handle,2,[{file,"src/boss/boss_router_controller.erl"},{line,146}]},{boss_router_controller,handle_call,3,[{file,"src/boss/boss_router_controller.erl"},{line,59}]},{gen_server,try_handle_call,4,[{file,"gen_server.erl"},{line,607}]},{gen_server,handle_msg,5,[{file,"gen_server.erl"},{line,639}]},{proc_lib,init_p_do_apply,3,[{file,"proc_lib.erl"},{line,237}]}]}
2016-12-16 00:06:51 =CRASH REPORT====
  crasher:
    initial call: boss_router_controller:init/1
    pid: <0.305.0>
    registered_name: []
    exception exit: {{badarg,[{erlang,list_to_atom,[undefined],[]},{boss_router_controller,handle,2,[{file,"src/boss/boss_router_controller.erl"},{line,146}]},{boss_router_controller,handle_call,3,[{file,"src/boss/boss_router_controller.erl"},{line,59}]},{gen_server,try_handle_call,4,[{file,"gen_server.erl"},{line,607}]},{gen_server,handle_msg,5,[{file,"gen_server.erl"},{line,639}]},{proc_lib,init_p_do_apply,3,[{file,"proc_lib.erl"},{line,237}]}]},[{gen_server,terminate,7,[{file,"gen_server.erl"},{line,804}]},{proc_lib,init_p_do_apply,3,[{file,"proc_lib.erl"},{line,237}]}]}
    ancestors: [<0.293.0>,boss_web,boss_sup,<0.53.0>]
    messages: []
    links: [<0.293.0>]
    dictionary: [{boss_environment,production}]
    trap_exit: false
    status: running
    heap_size: 2586
    stack_size: 27
    reductions: 3327
  neighbours:
2016-12-16 00:06:51 =SUPERVISOR REPORT====
     Supervisor: {<0.293.0>,boss_router_sup}
     Context:    child_terminated
     Reason:     {badarg,[{erlang,list_to_atom,[undefined],[]},{boss_router_controller,handle,2,[{file,"src/boss/boss_router_controller.erl"},{line,146}]},{boss_router_controller,handle_call,3,[{file,"src/boss/boss_router_controller.erl"},{line,59}]},{gen_server,try_handle_call,4,[{file,"gen_server.erl"},{line,607}]},{gen_server,handle_msg,5,[{file,"gen_server.erl"},{line,639}]},{proc_lib,init_p_do_apply,3,[{file,"proc_lib.erl"},{line,237}]}]}
     Offender:   [{pid,<0.305.0>},{name,router_controller},{mfargs,{boss_router_controller,start_link,[[{application,currencyfair_server},{controllers,[]}]]}},{restart_type,permanent},{shutdown,2000},{child_type,worker}]

2016-12-16 00:08:42 =ERROR REPORT====
** Generic server <0.300.0> terminating 
** Last message in was {route,"/"}
** When Server state == {state,currencyfair_server,["currencyfair_server_home_controller","currencyfair_server_transactions_controller"],65583,69680,73777}
** Reason for termination == 
** {badarg,[{erlang,list_to_atom,[undefined],[]},{boss_router_controller,route,2,[{file,"src/boss/boss_router_controller.erl"},{line,172}]},{boss_router_controller,handle_call,3,[{file,"src/boss/boss_router_controller.erl"},{line,64}]},{gen_server,try_handle_call,4,[{file,"gen_server.erl"},{line,607}]},{gen_server,handle_msg,5,[{file,"gen_server.erl"},{line,639}]},{proc_lib,init_p_do_apply,3,[{file,"proc_lib.erl"},{line,237}]}]}
2016-12-16 00:08:42 =CRASH REPORT====
  crasher:
    initial call: boss_router_controller:init/1
    pid: <0.300.0>
    registered_name: []
    exception exit: {{badarg,[{erlang,list_to_atom,[undefined],[]},{boss_router_controller,route,2,[{file,"src/boss/boss_router_controller.erl"},{line,172}]},{boss_router_controller,handle_call,3,[{file,"src/boss/boss_router_controller.erl"},{line,64}]},{gen_server,try_handle_call,4,[{file,"gen_server.erl"},{line,607}]},{gen_server,handle_msg,5,[{file,"gen_server.erl"},{line,639}]},{proc_lib,init_p_do_apply,3,[{file,"proc_lib.erl"},{line,237}]}]},[{gen_server,terminate,7,[{file,"gen_server.erl"},{line,804}]},{proc_lib,init_p_do_apply,3,[{file,"proc_lib.erl"},{line,237}]}]}
    ancestors: [<0.299.0>,boss_web,boss_sup,<0.92.0>]
    messages: []
    links: [<0.299.0>]
    dictionary: [{boss_environment,development}]
    trap_exit: false
    status: running
    heap_size: 2586
    stack_size: 27
    reductions: 8585
  neighbours:
2016-12-16 00:08:42 =SUPERVISOR REPORT====
     Supervisor: {<0.299.0>,boss_router_sup}
     Context:    child_terminated
     Reason:     {badarg,[{erlang,list_to_atom,[undefined],[]},{boss_router_controller,route,2,[{file,"src/boss/boss_router_controller.erl"},{line,172}]},{boss_router_controller,handle_call,3,[{file,"src/boss/boss_router_controller.erl"},{line,64}]},{gen_server,try_handle_call,4,[{file,"gen_server.erl"},{line,607}]},{gen_server,handle_msg,5,[{file,"gen_server.erl"},{line,639}]},{proc_lib,init_p_do_apply,3,[{file,"proc_lib.erl"},{line,237}]}]}
     Offender:   [{pid,<0.300.0>},{name,router_controller},{mfargs,{boss_router_controller,start_link,[[{application,currencyfair_server},{controllers,["currencyfair_server_home_controller","currencyfair_server_transactions_controller"]}]]}},{restart_type,permanent},{shutdown,2000},{child_type,worker}]

2016-12-16 00:13:03 =ERROR REPORT====
** Generic server <0.327.0> terminating 
** Last message in was {route,"/"}
** When Server state == {state,currencyfair_server,["currencyfair_server_home_controller","currencyfair_server_transactions_controller"],86065,90160,94255}
** Reason for termination == 
** {badarg,[{erlang,list_to_atom,[undefined],[]},{boss_router_controller,route,2,[{file,"src/boss/boss_router_controller.erl"},{line,172}]},{boss_router_controller,handle_call,3,[{file,"src/boss/boss_router_controller.erl"},{line,64}]},{gen_server,try_handle_call,4,[{file,"gen_server.erl"},{line,607}]},{gen_server,handle_msg,5,[{file,"gen_server.erl"},{line,639}]},{proc_lib,init_p_do_apply,3,[{file,"proc_lib.erl"},{line,237}]}]}
2016-12-16 00:13:03 =CRASH REPORT====
  crasher:
    initial call: boss_router_controller:init/1
    pid: <0.327.0>
    registered_name: []
    exception exit: {{badarg,[{erlang,list_to_atom,[undefined],[]},{boss_router_controller,route,2,[{file,"src/boss/boss_router_controller.erl"},{line,172}]},{boss_router_controller,handle_call,3,[{file,"src/boss/boss_router_controller.erl"},{line,64}]},{gen_server,try_handle_call,4,[{file,"gen_server.erl"},{line,607}]},{gen_server,handle_msg,5,[{file,"gen_server.erl"},{line,639}]},{proc_lib,init_p_do_apply,3,[{file,"proc_lib.erl"},{line,237}]}]},[{gen_server,terminate,7,[{file,"gen_server.erl"},{line,804}]},{proc_lib,init_p_do_apply,3,[{file,"proc_lib.erl"},{line,237}]}]}
    ancestors: [<0.299.0>,boss_web,boss_sup,<0.92.0>]
    messages: []
    links: [<0.299.0>]
    dictionary: [{boss_environment,development}]
    trap_exit: false
    status: running
    heap_size: 2586
    stack_size: 27
    reductions: 6033
  neighbours:
2016-12-16 00:13:03 =SUPERVISOR REPORT====
     Supervisor: {<0.299.0>,boss_router_sup}
     Context:    child_terminated
     Reason:     {badarg,[{erlang,list_to_atom,[undefined],[]},{boss_router_controller,route,2,[{file,"src/boss/boss_router_controller.erl"},{line,172}]},{boss_router_controller,handle_call,3,[{file,"src/boss/boss_router_controller.erl"},{line,64}]},{gen_server,try_handle_call,4,[{file,"gen_server.erl"},{line,607}]},{gen_server,handle_msg,5,[{file,"gen_server.erl"},{line,639}]},{proc_lib,init_p_do_apply,3,[{file,"proc_lib.erl"},{line,237}]}]}
     Offender:   [{pid,<0.327.0>},{name,router_controller},{mfargs,{boss_router_controller,start_link,[[{application,currencyfair_server},{controllers,["currencyfair_server_home_controller","currencyfair_server_transactions_controller"]}]]}},{restart_type,permanent},{shutdown,2000},{child_type,worker}]

2016-12-16 00:14:15 =ERROR REPORT====
** Generic server <0.340.0> terminating 
** Last message in was {handle,404}
** When Server state == {state,currencyfair_server,["currencyfair_server_home_controller","currencyfair_server_transactions_controller"],98351,102448,106545}
** Reason for termination == 
** {badarg,[{erlang,list_to_atom,[undefined],[]},{boss_router_controller,handle,2,[{file,"src/boss/boss_router_controller.erl"},{line,146}]},{boss_router_controller,handle_call,3,[{file,"src/boss/boss_router_controller.erl"},{line,59}]},{gen_server,try_handle_call,4,[{file,"gen_server.erl"},{line,607}]},{gen_server,handle_msg,5,[{file,"gen_server.erl"},{line,639}]},{proc_lib,init_p_do_apply,3,[{file,"proc_lib.erl"},{line,237}]}]}
2016-12-16 00:14:15 =CRASH REPORT====
  crasher:
    initial call: boss_router_controller:init/1
    pid: <0.340.0>
    registered_name: []
    exception exit: {{badarg,[{erlang,list_to_atom,[undefined],[]},{boss_router_controller,handle,2,[{file,"src/boss/boss_router_controller.erl"},{line,146}]},{boss_router_controller,handle_call,3,[{file,"src/boss/boss_router_controller.erl"},{line,59}]},{gen_server,try_handle_call,4,[{file,"gen_server.erl"},{line,607}]},{gen_server,handle_msg,5,[{file,"gen_server.erl"},{line,639}]},{proc_lib,init_p_do_apply,3,[{file,"proc_lib.erl"},{line,237}]}]},[{gen_server,terminate,7,[{file,"gen_server.erl"},{line,804}]},{proc_lib,init_p_do_apply,3,[{file,"proc_lib.erl"},{line,237}]}]}
    ancestors: [<0.299.0>,boss_web,boss_sup,<0.92.0>]
    messages: []
    links: [<0.299.0>]
    dictionary: [{boss_environment,development}]
    trap_exit: false
    status: running
    heap_size: 1598
    stack_size: 27
    reductions: 5657
  neighbours:
2016-12-16 00:14:15 =SUPERVISOR REPORT====
     Supervisor: {<0.299.0>,boss_router_sup}
     Context:    child_terminated
     Reason:     {badarg,[{erlang,list_to_atom,[undefined],[]},{boss_router_controller,handle,2,[{file,"src/boss/boss_router_controller.erl"},{line,146}]},{boss_router_controller,handle_call,3,[{file,"src/boss/boss_router_controller.erl"},{line,59}]},{gen_server,try_handle_call,4,[{file,"gen_server.erl"},{line,607}]},{gen_server,handle_msg,5,[{file,"gen_server.erl"},{line,639}]},{proc_lib,init_p_do_apply,3,[{file,"proc_lib.erl"},{line,237}]}]}
     Offender:   [{pid,<0.340.0>},{name,router_controller},{mfargs,{boss_router_controller,start_link,[[{application,currencyfair_server},{controllers,["currencyfair_server_home_controller","currencyfair_server_transactions_controller"]}]]}},{restart_type,permanent},{shutdown,2000},{child_type,worker}]

2016-12-16 00:14:31 =ERROR REPORT====
** Generic server <0.345.0> terminating 
** Last message in was {handle,404}
** When Server state == {state,currencyfair_server,["currencyfair_server_home_controller","currencyfair_server_transactions_controller"],110641,114736,118831}
** Reason for termination == 
** {badarg,[{erlang,list_to_atom,[undefined],[]},{boss_router_controller,handle,2,[{file,"src/boss/boss_router_controller.erl"},{line,146}]},{boss_router_controller,handle_call,3,[{file,"src/boss/boss_router_controller.erl"},{line,59}]},{gen_server,try_handle_call,4,[{file,"gen_server.erl"},{line,607}]},{gen_server,handle_msg,5,[{file,"gen_server.erl"},{line,639}]},{proc_lib,init_p_do_apply,3,[{file,"proc_lib.erl"},{line,237}]}]}
2016-12-16 00:14:31 =CRASH REPORT====
  crasher:
    initial call: boss_router_controller:init/1
    pid: <0.345.0>
    registered_name: []
    exception exit: {{badarg,[{erlang,list_to_atom,[undefined],[]},{boss_router_controller,handle,2,[{file,"src/boss/boss_router_controller.erl"},{line,146}]},{boss_router_controller,handle_call,3,[{file,"src/boss/boss_router_controller.erl"},{line,59}]},{gen_server,try_handle_call,4,[{file,"gen_server.erl"},{line,607}]},{gen_server,handle_msg,5,[{file,"gen_server.erl"},{line,639}]},{proc_lib,init_p_do_apply,3,[{file,"proc_lib.erl"},{line,237}]}]},[{gen_server,terminate,7,[{file,"gen_server.erl"},{line,804}]},{proc_lib,init_p_do_apply,3,[{file,"proc_lib.erl"},{line,237}]}]}
    ancestors: [<0.299.0>,boss_web,boss_sup,<0.92.0>]
    messages: []
    links: [<0.299.0>]
    dictionary: [{boss_environment,development}]
    trap_exit: false
    status: running
    heap_size: 1598
    stack_size: 27
    reductions: 5657
  neighbours:
2016-12-16 00:14:31 =SUPERVISOR REPORT====
     Supervisor: {<0.299.0>,boss_router_sup}
     Context:    child_terminated
     Reason:     {badarg,[{erlang,list_to_atom,[undefined],[]},{boss_router_controller,handle,2,[{file,"src/boss/boss_router_controller.erl"},{line,146}]},{boss_router_controller,handle_call,3,[{file,"src/boss/boss_router_controller.erl"},{line,59}]},{gen_server,try_handle_call,4,[{file,"gen_server.erl"},{line,607}]},{gen_server,handle_msg,5,[{file,"gen_server.erl"},{line,639}]},{proc_lib,init_p_do_apply,3,[{file,"proc_lib.erl"},{line,237}]}]}
     Offender:   [{pid,<0.345.0>},{name,router_controller},{mfargs,{boss_router_controller,start_link,[[{application,currencyfair_server},{controllers,["currencyfair_server_home_controller","currencyfair_server_transactions_controller"]}]]}},{restart_type,permanent},{shutdown,2000},{child_type,worker}]

2016-12-16 00:14:37 =SUPERVISOR REPORT====
     Supervisor: {<0.148.0>,poolboy_sup}
     Context:    shutdown_error
     Reason:     shutdown
     Offender:   [{nb_children,1},{name,boss_session_controller},{mfargs,{boss_session_controller,start_link,[[{name,{local,boss_session_pool}},{worker_module,boss_session_controller},{size,20},{max_overflow,40},{adapter,boss_session_adapter_mock},{session_exp_time,525600},{session_key,"_boss_session"}]]}},{restart_type,temporary},{shutdown,5000},{child_type,worker}]

2016-12-16 00:16:50 =ERROR REPORT====
** Generic server <0.304.0> terminating 
** Last message in was {handle,404}
** When Server state == {state,currencyfair_server,["currencyfair_server_home_controller","currencyfair_server_transactions_controller"],65583,69680,73777}
** Reason for termination == 
** {badarg,[{erlang,list_to_atom,[undefined],[]},{boss_router_controller,handle,2,[{file,"src/boss/boss_router_controller.erl"},{line,146}]},{boss_router_controller,handle_call,3,[{file,"src/boss/boss_router_controller.erl"},{line,59}]},{gen_server,try_handle_call,4,[{file,"gen_server.erl"},{line,607}]},{gen_server,handle_msg,5,[{file,"gen_server.erl"},{line,639}]},{proc_lib,init_p_do_apply,3,[{file,"proc_lib.erl"},{line,237}]}]}
2016-12-16 00:16:50 =CRASH REPORT====
  crasher:
    initial call: boss_router_controller:init/1
    pid: <0.304.0>
    registered_name: []
    exception exit: {{badarg,[{erlang,list_to_atom,[undefined],[]},{boss_router_controller,handle,2,[{file,"src/boss/boss_router_controller.erl"},{line,146}]},{boss_router_controller,handle_call,3,[{file,"src/boss/boss_router_controller.erl"},{line,59}]},{gen_server,try_handle_call,4,[{file,"gen_server.erl"},{line,607}]},{gen_server,handle_msg,5,[{file,"gen_server.erl"},{line,639}]},{proc_lib,init_p_do_apply,3,[{file,"proc_lib.erl"},{line,237}]}]},[{gen_server,terminate,7,[{file,"gen_server.erl"},{line,804}]},{proc_lib,init_p_do_apply,3,[{file,"proc_lib.erl"},{line,237}]}]}
    ancestors: [<0.303.0>,boss_web,boss_sup,<0.92.0>]
    messages: []
    links: [<0.303.0>]
    dictionary: [{boss_environment,development}]
    trap_exit: false
    status: running
    heap_size: 1598
    stack_size: 27
    reductions: 5657
  neighbours:
2016-12-16 00:16:50 =SUPERVISOR REPORT====
     Supervisor: {<0.303.0>,boss_router_sup}
     Context:    child_terminated
     Reason:     {badarg,[{erlang,list_to_atom,[undefined],[]},{boss_router_controller,handle,2,[{file,"src/boss/boss_router_controller.erl"},{line,146}]},{boss_router_controller,handle_call,3,[{file,"src/boss/boss_router_controller.erl"},{line,59}]},{gen_server,try_handle_call,4,[{file,"gen_server.erl"},{line,607}]},{gen_server,handle_msg,5,[{file,"gen_server.erl"},{line,639}]},{proc_lib,init_p_do_apply,3,[{file,"proc_lib.erl"},{line,237}]}]}
     Offender:   [{pid,<0.304.0>},{name,router_controller},{mfargs,{boss_router_controller,start_link,[[{application,currencyfair_server},{controllers,["currencyfair_server_home_controller","currencyfair_server_transactions_controller"]}]]}},{restart_type,permanent},{shutdown,2000},{child_type,worker}]

2016-12-16 00:16:54 =ERROR REPORT====
** Generic server <0.328.0> terminating 
** Last message in was {handle,404}
** When Server state == {state,currencyfair_server,["currencyfair_server_home_controller","currencyfair_server_transactions_controller"],81969,86064,90159}
** Reason for termination == 
** {badarg,[{erlang,list_to_atom,[undefined],[]},{boss_router_controller,handle,2,[{file,"src/boss/boss_router_controller.erl"},{line,146}]},{boss_router_controller,handle_call,3,[{file,"src/boss/boss_router_controller.erl"},{line,59}]},{gen_server,try_handle_call,4,[{file,"gen_server.erl"},{line,607}]},{gen_server,handle_msg,5,[{file,"gen_server.erl"},{line,639}]},{proc_lib,init_p_do_apply,3,[{file,"proc_lib.erl"},{line,237}]}]}
2016-12-16 00:16:54 =CRASH REPORT====
  crasher:
    initial call: boss_router_controller:init/1
    pid: <0.328.0>
    registered_name: []
    exception exit: {{badarg,[{erlang,list_to_atom,[undefined],[]},{boss_router_controller,handle,2,[{file,"src/boss/boss_router_controller.erl"},{line,146}]},{boss_router_controller,handle_call,3,[{file,"src/boss/boss_router_controller.erl"},{line,59}]},{gen_server,try_handle_call,4,[{file,"gen_server.erl"},{line,607}]},{gen_server,handle_msg,5,[{file,"gen_server.erl"},{line,639}]},{proc_lib,init_p_do_apply,3,[{file,"proc_lib.erl"},{line,237}]}]},[{gen_server,terminate,7,[{file,"gen_server.erl"},{line,804}]},{proc_lib,init_p_do_apply,3,[{file,"proc_lib.erl"},{line,237}]}]}
    ancestors: [<0.303.0>,boss_web,boss_sup,<0.92.0>]
    messages: []
    links: [<0.303.0>]
    dictionary: [{boss_environment,development}]
    trap_exit: false
    status: running
    heap_size: 1598
    stack_size: 27
    reductions: 5657
  neighbours:
2016-12-16 00:16:54 =SUPERVISOR REPORT====
     Supervisor: {<0.303.0>,boss_router_sup}
     Context:    child_terminated
     Reason:     {badarg,[{erlang,list_to_atom,[undefined],[]},{boss_router_controller,handle,2,[{file,"src/boss/boss_router_controller.erl"},{line,146}]},{boss_router_controller,handle_call,3,[{file,"src/boss/boss_router_controller.erl"},{line,59}]},{gen_server,try_handle_call,4,[{file,"gen_server.erl"},{line,607}]},{gen_server,handle_msg,5,[{file,"gen_server.erl"},{line,639}]},{proc_lib,init_p_do_apply,3,[{file,"proc_lib.erl"},{line,237}]}]}
     Offender:   [{pid,<0.328.0>},{name,router_controller},{mfargs,{boss_router_controller,start_link,[[{application,currencyfair_server},{controllers,["currencyfair_server_home_controller","currencyfair_server_transactions_controller"]}]]}},{restart_type,permanent},{shutdown,2000},{child_type,worker}]

2016-12-16 00:17:05 =ERROR REPORT====
** Generic server <0.332.0> terminating 
** Last message in was {handle,404}
** When Server state == {state,currencyfair_server,["currencyfair_server_home_controller","currencyfair_server_transactions_controller"],94255,98352,102449}
** Reason for termination == 
** {badarg,[{erlang,list_to_atom,[undefined],[]},{boss_router_controller,handle,2,[{file,"src/boss/boss_router_controller.erl"},{line,146}]},{boss_router_controller,handle_call,3,[{file,"src/boss/boss_router_controller.erl"},{line,59}]},{gen_server,try_handle_call,4,[{file,"gen_server.erl"},{line,607}]},{gen_server,handle_msg,5,[{file,"gen_server.erl"},{line,639}]},{proc_lib,init_p_do_apply,3,[{file,"proc_lib.erl"},{line,237}]}]}
2016-12-16 00:17:05 =CRASH REPORT====
  crasher:
    initial call: boss_router_controller:init/1
    pid: <0.332.0>
    registered_name: []
    exception exit: {{badarg,[{erlang,list_to_atom,[undefined],[]},{boss_router_controller,handle,2,[{file,"src/boss/boss_router_controller.erl"},{line,146}]},{boss_router_controller,handle_call,3,[{file,"src/boss/boss_router_controller.erl"},{line,59}]},{gen_server,try_handle_call,4,[{file,"gen_server.erl"},{line,607}]},{gen_server,handle_msg,5,[{file,"gen_server.erl"},{line,639}]},{proc_lib,init_p_do_apply,3,[{file,"proc_lib.erl"},{line,237}]}]},[{gen_server,terminate,7,[{file,"gen_server.erl"},{line,804}]},{proc_lib,init_p_do_apply,3,[{file,"proc_lib.erl"},{line,237}]}]}
    ancestors: [<0.303.0>,boss_web,boss_sup,<0.92.0>]
    messages: []
    links: [<0.303.0>]
    dictionary: [{boss_environment,development}]
    trap_exit: false
    status: running
    heap_size: 2586
    stack_size: 27
    reductions: 8279
  neighbours:
2016-12-16 00:17:05 =SUPERVISOR REPORT====
     Supervisor: {<0.303.0>,boss_router_sup}
     Context:    child_terminated
     Reason:     {badarg,[{erlang,list_to_atom,[undefined],[]},{boss_router_controller,handle,2,[{file,"src/boss/boss_router_controller.erl"},{line,146}]},{boss_router_controller,handle_call,3,[{file,"src/boss/boss_router_controller.erl"},{line,59}]},{gen_server,try_handle_call,4,[{file,"gen_server.erl"},{line,607}]},{gen_server,handle_msg,5,[{file,"gen_server.erl"},{line,639}]},{proc_lib,init_p_do_apply,3,[{file,"proc_lib.erl"},{line,237}]}]}
     Offender:   [{pid,<0.332.0>},{name,router_controller},{mfargs,{boss_router_controller,start_link,[[{application,currencyfair_server},{controllers,["currencyfair_server_home_controller","currencyfair_server_transactions_controller"]}]]}},{restart_type,permanent},{shutdown,2000},{child_type,worker}]

2016-12-16 00:17:06 =ERROR REPORT====
** Generic server <0.338.0> terminating 
** Last message in was {handle,404}
** When Server state == {state,currencyfair_server,["currencyfair_server_home_controller","currencyfair_server_transactions_controller"],106545,110640,114735}
** Reason for termination == 
** {badarg,[{erlang,list_to_atom,[undefined],[]},{boss_router_controller,handle,2,[{file,"src/boss/boss_router_controller.erl"},{line,146}]},{boss_router_controller,handle_call,3,[{file,"src/boss/boss_router_controller.erl"},{line,59}]},{gen_server,try_handle_call,4,[{file,"gen_server.erl"},{line,607}]},{gen_server,handle_msg,5,[{file,"gen_server.erl"},{line,639}]},{proc_lib,init_p_do_apply,3,[{file,"proc_lib.erl"},{line,237}]}]}
2016-12-16 00:17:06 =CRASH REPORT====
  crasher:
    initial call: boss_router_controller:init/1
    pid: <0.338.0>
    registered_name: []
    exception exit: {{badarg,[{erlang,list_to_atom,[undefined],[]},{boss_router_controller,handle,2,[{file,"src/boss/boss_router_controller.erl"},{line,146}]},{boss_router_controller,handle_call,3,[{file,"src/boss/boss_router_controller.erl"},{line,59}]},{gen_server,try_handle_call,4,[{file,"gen_server.erl"},{line,607}]},{gen_server,handle_msg,5,[{file,"gen_server.erl"},{line,639}]},{proc_lib,init_p_do_apply,3,[{file,"proc_lib.erl"},{line,237}]}]},[{gen_server,terminate,7,[{file,"gen_server.erl"},{line,804}]},{proc_lib,init_p_do_apply,3,[{file,"proc_lib.erl"},{line,237}]}]}
    ancestors: [<0.303.0>,boss_web,boss_sup,<0.92.0>]
    messages: []
    links: [<0.303.0>]
    dictionary: [{boss_environment,development}]
    trap_exit: false
    status: running
    heap_size: 2586
    stack_size: 27
    reductions: 5831
  neighbours:
2016-12-16 00:17:06 =SUPERVISOR REPORT====
     Supervisor: {<0.303.0>,boss_router_sup}
     Context:    child_terminated
     Reason:     {badarg,[{erlang,list_to_atom,[undefined],[]},{boss_router_controller,handle,2,[{file,"src/boss/boss_router_controller.erl"},{line,146}]},{boss_router_controller,handle_call,3,[{file,"src/boss/boss_router_controller.erl"},{line,59}]},{gen_server,try_handle_call,4,[{file,"gen_server.erl"},{line,607}]},{gen_server,handle_msg,5,[{file,"gen_server.erl"},{line,639}]},{proc_lib,init_p_do_apply,3,[{file,"proc_lib.erl"},{line,237}]}]}
     Offender:   [{pid,<0.338.0>},{name,router_controller},{mfargs,{boss_router_controller,start_link,[[{application,currencyfair_server},{controllers,["currencyfair_server_home_controller","currencyfair_server_transactions_controller"]}]]}},{restart_type,permanent},{shutdown,2000},{child_type,worker}]

2016-12-16 00:17:07 =ERROR REPORT====
** Generic server <0.342.0> terminating 
** Last message in was {handle,404}
** When Server state == {state,currencyfair_server,["currencyfair_server_home_controller","currencyfair_server_transactions_controller"],118831,122928,127025}
** Reason for termination == 
** {badarg,[{erlang,list_to_atom,[undefined],[]},{boss_router_controller,handle,2,[{file,"src/boss/boss_router_controller.erl"},{line,146}]},{boss_router_controller,handle_call,3,[{file,"src/boss/boss_router_controller.erl"},{line,59}]},{gen_server,try_handle_call,4,[{file,"gen_server.erl"},{line,607}]},{gen_server,handle_msg,5,[{file,"gen_server.erl"},{line,639}]},{proc_lib,init_p_do_apply,3,[{file,"proc_lib.erl"},{line,237}]}]}
2016-12-16 00:17:07 =CRASH REPORT====
  crasher:
    initial call: boss_router_controller:init/1
    pid: <0.342.0>
    registered_name: []
    exception exit: {{badarg,[{erlang,list_to_atom,[undefined],[]},{boss_router_controller,handle,2,[{file,"src/boss/boss_router_controller.erl"},{line,146}]},{boss_router_controller,handle_call,3,[{file,"src/boss/boss_router_controller.erl"},{line,59}]},{gen_server,try_handle_call,4,[{file,"gen_server.erl"},{line,607}]},{gen_server,handle_msg,5,[{file,"gen_server.erl"},{line,639}]},{proc_lib,init_p_do_apply,3,[{file,"proc_lib.erl"},{line,237}]}]},[{gen_server,terminate,7,[{file,"gen_server.erl"},{line,804}]},{proc_lib,init_p_do_apply,3,[{file,"proc_lib.erl"},{line,237}]}]}
    ancestors: [<0.303.0>,boss_web,boss_sup,<0.92.0>]
    messages: []
    links: [<0.303.0>]
    dictionary: [{boss_environment,development}]
    trap_exit: false
    status: running
    heap_size: 2586
    stack_size: 27
    reductions: 5828
  neighbours:
2016-12-16 00:17:07 =SUPERVISOR REPORT====
     Supervisor: {<0.303.0>,boss_router_sup}
     Context:    child_terminated
     Reason:     {badarg,[{erlang,list_to_atom,[undefined],[]},{boss_router_controller,handle,2,[{file,"src/boss/boss_router_controller.erl"},{line,146}]},{boss_router_controller,handle_call,3,[{file,"src/boss/boss_router_controller.erl"},{line,59}]},{gen_server,try_handle_call,4,[{file,"gen_server.erl"},{line,607}]},{gen_server,handle_msg,5,[{file,"gen_server.erl"},{line,639}]},{proc_lib,init_p_do_apply,3,[{file,"proc_lib.erl"},{line,237}]}]}
     Offender:   [{pid,<0.342.0>},{name,router_controller},{mfargs,{boss_router_controller,start_link,[[{application,currencyfair_server},{controllers,["currencyfair_server_home_controller","currencyfair_server_transactions_controller"]}]]}},{restart_type,permanent},{shutdown,2000},{child_type,worker}]

2016-12-16 00:19:42 =ERROR REPORT====
** Generic server <0.346.0> terminating 
** Last message in was {handle,404}
** When Server state == {state,currencyfair_server,["currencyfair_server_home_controller","currencyfair_server_transactions_controller"],131121,135216,139311}
** Reason for termination == 
** {badarg,[{erlang,list_to_atom,[undefined],[]},{boss_router_controller,handle,2,[{file,"src/boss/boss_router_controller.erl"},{line,146}]},{boss_router_controller,handle_call,3,[{file,"src/boss/boss_router_controller.erl"},{line,59}]},{gen_server,try_handle_call,4,[{file,"gen_server.erl"},{line,607}]},{gen_server,handle_msg,5,[{file,"gen_server.erl"},{line,639}]},{proc_lib,init_p_do_apply,3,[{file,"proc_lib.erl"},{line,237}]}]}
2016-12-16 00:19:42 =CRASH REPORT====
  crasher:
    initial call: boss_router_controller:init/1
    pid: <0.346.0>
    registered_name: []
    exception exit: {{badarg,[{erlang,list_to_atom,[undefined],[]},{boss_router_controller,handle,2,[{file,"src/boss/boss_router_controller.erl"},{line,146}]},{boss_router_controller,handle_call,3,[{file,"src/boss/boss_router_controller.erl"},{line,59}]},{gen_server,try_handle_call,4,[{file,"gen_server.erl"},{line,607}]},{gen_server,handle_msg,5,[{file,"gen_server.erl"},{line,639}]},{proc_lib,init_p_do_apply,3,[{file,"proc_lib.erl"},{line,237}]}]},[{gen_server,terminate,7,[{file,"gen_server.erl"},{line,804}]},{proc_lib,init_p_do_apply,3,[{file,"proc_lib.erl"},{line,237}]}]}
    ancestors: [<0.303.0>,boss_web,boss_sup,<0.92.0>]
    messages: []
    links: [<0.303.0>]
    dictionary: [{boss_environment,development}]
    trap_exit: false
    status: running
    heap_size: 2586
    stack_size: 27
    reductions: 5828
  neighbours:
2016-12-16 00:19:42 =SUPERVISOR REPORT====
     Supervisor: {<0.303.0>,boss_router_sup}
     Context:    child_terminated
     Reason:     {badarg,[{erlang,list_to_atom,[undefined],[]},{boss_router_controller,handle,2,[{file,"src/boss/boss_router_controller.erl"},{line,146}]},{boss_router_controller,handle_call,3,[{file,"src/boss/boss_router_controller.erl"},{line,59}]},{gen_server,try_handle_call,4,[{file,"gen_server.erl"},{line,607}]},{gen_server,handle_msg,5,[{file,"gen_server.erl"},{line,639}]},{proc_lib,init_p_do_apply,3,[{file,"proc_lib.erl"},{line,237}]}]}
     Offender:   [{pid,<0.346.0>},{name,router_controller},{mfargs,{boss_router_controller,start_link,[[{application,currencyfair_server},{controllers,["currencyfair_server_home_controller","currencyfair_server_transactions_controller"]}]]}},{restart_type,permanent},{shutdown,2000},{child_type,worker}]

2016-12-16 00:19:44 =ERROR REPORT====
** Generic server <0.353.0> terminating 
** Last message in was {handle,404}
** When Server state == {state,currencyfair_server,["currencyfair_server_home_controller","currencyfair_server_transactions_controller"],143407,147504,151601}
** Reason for termination == 
** {badarg,[{erlang,list_to_atom,[undefined],[]},{boss_router_controller,handle,2,[{file,"src/boss/boss_router_controller.erl"},{line,146}]},{boss_router_controller,handle_call,3,[{file,"src/boss/boss_router_controller.erl"},{line,59}]},{gen_server,try_handle_call,4,[{file,"gen_server.erl"},{line,607}]},{gen_server,handle_msg,5,[{file,"gen_server.erl"},{line,639}]},{proc_lib,init_p_do_apply,3,[{file,"proc_lib.erl"},{line,237}]}]}
2016-12-16 00:19:44 =CRASH REPORT====
  crasher:
    initial call: boss_router_controller:init/1
    pid: <0.353.0>
    registered_name: []
    exception exit: {{badarg,[{erlang,list_to_atom,[undefined],[]},{boss_router_controller,handle,2,[{file,"src/boss/boss_router_controller.erl"},{line,146}]},{boss_router_controller,handle_call,3,[{file,"src/boss/boss_router_controller.erl"},{line,59}]},{gen_server,try_handle_call,4,[{file,"gen_server.erl"},{line,607}]},{gen_server,handle_msg,5,[{file,"gen_server.erl"},{line,639}]},{proc_lib,init_p_do_apply,3,[{file,"proc_lib.erl"},{line,237}]}]},[{gen_server,terminate,7,[{file,"gen_server.erl"},{line,804}]},{proc_lib,init_p_do_apply,3,[{file,"proc_lib.erl"},{line,237}]}]}
    ancestors: [<0.303.0>,boss_web,boss_sup,<0.92.0>]
    messages: []
    links: [<0.303.0>]
    dictionary: [{boss_environment,development}]
    trap_exit: false
    status: running
    heap_size: 1598
    stack_size: 27
    reductions: 5657
  neighbours:
2016-12-16 00:19:44 =SUPERVISOR REPORT====
     Supervisor: {<0.303.0>,boss_router_sup}
     Context:    child_terminated
     Reason:     {badarg,[{erlang,list_to_atom,[undefined],[]},{boss_router_controller,handle,2,[{file,"src/boss/boss_router_controller.erl"},{line,146}]},{boss_router_controller,handle_call,3,[{file,"src/boss/boss_router_controller.erl"},{line,59}]},{gen_server,try_handle_call,4,[{file,"gen_server.erl"},{line,607}]},{gen_server,handle_msg,5,[{file,"gen_server.erl"},{line,639}]},{proc_lib,init_p_do_apply,3,[{file,"proc_lib.erl"},{line,237}]}]}
     Offender:   [{pid,<0.353.0>},{name,router_controller},{mfargs,{boss_router_controller,start_link,[[{application,currencyfair_server},{controllers,["currencyfair_server_home_controller","currencyfair_server_transactions_controller"]}]]}},{restart_type,permanent},{shutdown,2000},{child_type,worker}]

2016-12-16 00:19:45 =ERROR REPORT====
** Generic server <0.357.0> terminating 
** Last message in was {handle,404}
** When Server state == {state,currencyfair_server,["currencyfair_server_home_controller","currencyfair_server_transactions_controller"],155697,159792,163887}
** Reason for termination == 
** {badarg,[{erlang,list_to_atom,[undefined],[]},{boss_router_controller,handle,2,[{file,"src/boss/boss_router_controller.erl"},{line,146}]},{boss_router_controller,handle_call,3,[{file,"src/boss/boss_router_controller.erl"},{line,59}]},{gen_server,try_handle_call,4,[{file,"gen_server.erl"},{line,607}]},{gen_server,handle_msg,5,[{file,"gen_server.erl"},{line,639}]},{proc_lib,init_p_do_apply,3,[{file,"proc_lib.erl"},{line,237}]}]}
2016-12-16 00:19:45 =CRASH REPORT====
  crasher:
    initial call: boss_router_controller:init/1
    pid: <0.357.0>
    registered_name: []
    exception exit: {{badarg,[{erlang,list_to_atom,[undefined],[]},{boss_router_controller,handle,2,[{file,"src/boss/boss_router_controller.erl"},{line,146}]},{boss_router_controller,handle_call,3,[{file,"src/boss/boss_router_controller.erl"},{line,59}]},{gen_server,try_handle_call,4,[{file,"gen_server.erl"},{line,607}]},{gen_server,handle_msg,5,[{file,"gen_server.erl"},{line,639}]},{proc_lib,init_p_do_apply,3,[{file,"proc_lib.erl"},{line,237}]}]},[{gen_server,terminate,7,[{file,"gen_server.erl"},{line,804}]},{proc_lib,init_p_do_apply,3,[{file,"proc_lib.erl"},{line,237}]}]}
    ancestors: [<0.303.0>,boss_web,boss_sup,<0.92.0>]
    messages: []
    links: [<0.303.0>]
    dictionary: [{boss_environment,development}]
    trap_exit: false
    status: running
    heap_size: 1598
    stack_size: 27
    reductions: 5657
  neighbours:
2016-12-16 00:19:45 =SUPERVISOR REPORT====
     Supervisor: {<0.303.0>,boss_router_sup}
     Context:    child_terminated
     Reason:     {badarg,[{erlang,list_to_atom,[undefined],[]},{boss_router_controller,handle,2,[{file,"src/boss/boss_router_controller.erl"},{line,146}]},{boss_router_controller,handle_call,3,[{file,"src/boss/boss_router_controller.erl"},{line,59}]},{gen_server,try_handle_call,4,[{file,"gen_server.erl"},{line,607}]},{gen_server,handle_msg,5,[{file,"gen_server.erl"},{line,639}]},{proc_lib,init_p_do_apply,3,[{file,"proc_lib.erl"},{line,237}]}]}
     Offender:   [{pid,<0.357.0>},{name,router_controller},{mfargs,{boss_router_controller,start_link,[[{application,currencyfair_server},{controllers,["currencyfair_server_home_controller","currencyfair_server_transactions_controller"]}]]}},{restart_type,permanent},{shutdown,2000},{child_type,worker}]

2016-12-16 00:20:01 =ERROR REPORT====
** Generic server <0.361.0> terminating 
** Last message in was {handle,404}
** When Server state == {state,currencyfair_server,["currencyfair_server_home_controller","currencyfair_server_transactions_controller"],167983,172080,176177}
** Reason for termination == 
** {badarg,[{erlang,list_to_atom,[undefined],[]},{boss_router_controller,handle,2,[{file,"src/boss/boss_router_controller.erl"},{line,146}]},{boss_router_controller,handle_call,3,[{file,"src/boss/boss_router_controller.erl"},{line,59}]},{gen_server,try_handle_call,4,[{file,"gen_server.erl"},{line,607}]},{gen_server,handle_msg,5,[{file,"gen_server.erl"},{line,639}]},{proc_lib,init_p_do_apply,3,[{file,"proc_lib.erl"},{line,237}]}]}
2016-12-16 00:20:01 =CRASH REPORT====
  crasher:
    initial call: boss_router_controller:init/1
    pid: <0.361.0>
    registered_name: []
    exception exit: {{badarg,[{erlang,list_to_atom,[undefined],[]},{boss_router_controller,handle,2,[{file,"src/boss/boss_router_controller.erl"},{line,146}]},{boss_router_controller,handle_call,3,[{file,"src/boss/boss_router_controller.erl"},{line,59}]},{gen_server,try_handle_call,4,[{file,"gen_server.erl"},{line,607}]},{gen_server,handle_msg,5,[{file,"gen_server.erl"},{line,639}]},{proc_lib,init_p_do_apply,3,[{file,"proc_lib.erl"},{line,237}]}]},[{gen_server,terminate,7,[{file,"gen_server.erl"},{line,804}]},{proc_lib,init_p_do_apply,3,[{file,"proc_lib.erl"},{line,237}]}]}
    ancestors: [<0.303.0>,boss_web,boss_sup,<0.92.0>]
    messages: []
    links: [<0.303.0>]
    dictionary: [{boss_environment,development}]
    trap_exit: false
    status: running
    heap_size: 1598
    stack_size: 27
    reductions: 5657
  neighbours:
2016-12-16 00:20:01 =SUPERVISOR REPORT====
     Supervisor: {<0.303.0>,boss_router_sup}
     Context:    child_terminated
     Reason:     {badarg,[{erlang,list_to_atom,[undefined],[]},{boss_router_controller,handle,2,[{file,"src/boss/boss_router_controller.erl"},{line,146}]},{boss_router_controller,handle_call,3,[{file,"src/boss/boss_router_controller.erl"},{line,59}]},{gen_server,try_handle_call,4,[{file,"gen_server.erl"},{line,607}]},{gen_server,handle_msg,5,[{file,"gen_server.erl"},{line,639}]},{proc_lib,init_p_do_apply,3,[{file,"proc_lib.erl"},{line,237}]}]}
     Offender:   [{pid,<0.361.0>},{name,router_controller},{mfargs,{boss_router_controller,start_link,[[{application,currencyfair_server},{controllers,["currencyfair_server_home_controller","currencyfair_server_transactions_controller"]}]]}},{restart_type,permanent},{shutdown,2000},{child_type,worker}]

2016-12-16 00:45:45 =ERROR REPORT====
"Error in controller, see console.log for details\n"
2016-12-16 00:45:45 =ERROR REPORT====
** Generic server <0.365.0> terminating 
** Last message in was {handle,500}
** When Server state == {state,currencyfair_server,["currencyfair_server_home_controller","currencyfair_server_transactions_controller"],180273,184368,188463}
** Reason for termination == 
** {badarg,[{erlang,list_to_atom,[undefined],[]},{boss_router_controller,handle,2,[{file,"src/boss/boss_router_controller.erl"},{line,146}]},{boss_router_controller,handle_call,3,[{file,"src/boss/boss_router_controller.erl"},{line,59}]},{gen_server,try_handle_call,4,[{file,"gen_server.erl"},{line,607}]},{gen_server,handle_msg,5,[{file,"gen_server.erl"},{line,639}]},{proc_lib,init_p_do_apply,3,[{file,"proc_lib.erl"},{line,237}]}]}
2016-12-16 00:45:45 =CRASH REPORT====
  crasher:
    initial call: boss_router_controller:init/1
    pid: <0.365.0>
    registered_name: []
    exception exit: {{badarg,[{erlang,list_to_atom,[undefined],[]},{boss_router_controller,handle,2,[{file,"src/boss/boss_router_controller.erl"},{line,146}]},{boss_router_controller,handle_call,3,[{file,"src/boss/boss_router_controller.erl"},{line,59}]},{gen_server,try_handle_call,4,[{file,"gen_server.erl"},{line,607}]},{gen_server,handle_msg,5,[{file,"gen_server.erl"},{line,639}]},{proc_lib,init_p_do_apply,3,[{file,"proc_lib.erl"},{line,237}]}]},[{gen_server,terminate,7,[{file,"gen_server.erl"},{line,804}]},{proc_lib,init_p_do_apply,3,[{file,"proc_lib.erl"},{line,237}]}]}
    ancestors: [<0.303.0>,boss_web,boss_sup,<0.92.0>]
    messages: []
    links: [<0.303.0>]
    dictionary: [{boss_environment,development}]
    trap_exit: false
    status: running
    heap_size: 1598
    stack_size: 27
    reductions: 5888
  neighbours:
2016-12-16 00:45:45 =SUPERVISOR REPORT====
     Supervisor: {<0.303.0>,boss_router_sup}
     Context:    child_terminated
     Reason:     {badarg,[{erlang,list_to_atom,[undefined],[]},{boss_router_controller,handle,2,[{file,"src/boss/boss_router_controller.erl"},{line,146}]},{boss_router_controller,handle_call,3,[{file,"src/boss/boss_router_controller.erl"},{line,59}]},{gen_server,try_handle_call,4,[{file,"gen_server.erl"},{line,607}]},{gen_server,handle_msg,5,[{file,"gen_server.erl"},{line,639}]},{proc_lib,init_p_do_apply,3,[{file,"proc_lib.erl"},{line,237}]}]}
     Offender:   [{pid,<0.365.0>},{name,router_controller},{mfargs,{boss_router_controller,start_link,[[{application,currencyfair_server},{controllers,["currencyfair_server_home_controller","currencyfair_server_transactions_controller"]}]]}},{restart_type,permanent},{shutdown,2000},{child_type,worker}]

2016-12-16 00:48:20 =ERROR REPORT====
"Error in controller, see console.log for details\n"
2016-12-16 00:48:20 =ERROR REPORT====
** Generic server <0.375.0> terminating 
** Last message in was {handle,500}
** When Server state == {state,currencyfair_server,["currencyfair_server_home_controller","currencyfair_server_transactions_controller"],192559,196656,200753}
** Reason for termination == 
** {badarg,[{erlang,list_to_atom,[undefined],[]},{boss_router_controller,handle,2,[{file,"src/boss/boss_router_controller.erl"},{line,146}]},{boss_router_controller,handle_call,3,[{file,"src/boss/boss_router_controller.erl"},{line,59}]},{gen_server,try_handle_call,4,[{file,"gen_server.erl"},{line,607}]},{gen_server,handle_msg,5,[{file,"gen_server.erl"},{line,639}]},{proc_lib,init_p_do_apply,3,[{file,"proc_lib.erl"},{line,237}]}]}
2016-12-16 00:48:20 =CRASH REPORT====
  crasher:
    initial call: boss_router_controller:init/1
    pid: <0.375.0>
    registered_name: []
    exception exit: {{badarg,[{erlang,list_to_atom,[undefined],[]},{boss_router_controller,handle,2,[{file,"src/boss/boss_router_controller.erl"},{line,146}]},{boss_router_controller,handle_call,3,[{file,"src/boss/boss_router_controller.erl"},{line,59}]},{gen_server,try_handle_call,4,[{file,"gen_server.erl"},{line,607}]},{gen_server,handle_msg,5,[{file,"gen_server.erl"},{line,639}]},{proc_lib,init_p_do_apply,3,[{file,"proc_lib.erl"},{line,237}]}]},[{gen_server,terminate,7,[{file,"gen_server.erl"},{line,804}]},{proc_lib,init_p_do_apply,3,[{file,"proc_lib.erl"},{line,237}]}]}
    ancestors: [<0.303.0>,boss_web,boss_sup,<0.92.0>]
    messages: []
    links: [<0.303.0>]
    dictionary: [{boss_environment,development}]
    trap_exit: false
    status: running
    heap_size: 1598
    stack_size: 27
    reductions: 7751
  neighbours:
2016-12-16 00:48:20 =SUPERVISOR REPORT====
     Supervisor: {<0.303.0>,boss_router_sup}
     Context:    child_terminated
     Reason:     {badarg,[{erlang,list_to_atom,[undefined],[]},{boss_router_controller,handle,2,[{file,"src/boss/boss_router_controller.erl"},{line,146}]},{boss_router_controller,handle_call,3,[{file,"src/boss/boss_router_controller.erl"},{line,59}]},{gen_server,try_handle_call,4,[{file,"gen_server.erl"},{line,607}]},{gen_server,handle_msg,5,[{file,"gen_server.erl"},{line,639}]},{proc_lib,init_p_do_apply,3,[{file,"proc_lib.erl"},{line,237}]}]}
     Offender:   [{pid,<0.375.0>},{name,router_controller},{mfargs,{boss_router_controller,start_link,[[{application,currencyfair_server},{controllers,["currencyfair_server_home_controller","currencyfair_server_transactions_controller"]}]]}},{restart_type,permanent},{shutdown,2000},{child_type,worker}]

2016-12-16 00:48:28 =ERROR REPORT====
"Error in controller, see console.log for details\n"
2016-12-16 00:48:28 =ERROR REPORT====
** Generic server <0.381.0> terminating 
** Last message in was {handle,500}
** When Server state == {state,currencyfair_server,["currencyfair_server_home_controller","currencyfair_server_transactions_controller"],204849,208944,213039}
** Reason for termination == 
** {badarg,[{erlang,list_to_atom,[undefined],[]},{boss_router_controller,handle,2,[{file,"src/boss/boss_router_controller.erl"},{line,146}]},{boss_router_controller,handle_call,3,[{file,"src/boss/boss_router_controller.erl"},{line,59}]},{gen_server,try_handle_call,4,[{file,"gen_server.erl"},{line,607}]},{gen_server,handle_msg,5,[{file,"gen_server.erl"},{line,639}]},{proc_lib,init_p_do_apply,3,[{file,"proc_lib.erl"},{line,237}]}]}
2016-12-16 00:48:28 =CRASH REPORT====
  crasher:
    initial call: boss_router_controller:init/1
    pid: <0.381.0>
    registered_name: []
    exception exit: {{badarg,[{erlang,list_to_atom,[undefined],[]},{boss_router_controller,handle,2,[{file,"src/boss/boss_router_controller.erl"},{line,146}]},{boss_router_controller,handle_call,3,[{file,"src/boss/boss_router_controller.erl"},{line,59}]},{gen_server,try_handle_call,4,[{file,"gen_server.erl"},{line,607}]},{gen_server,handle_msg,5,[{file,"gen_server.erl"},{line,639}]},{proc_lib,init_p_do_apply,3,[{file,"proc_lib.erl"},{line,237}]}]},[{gen_server,terminate,7,[{file,"gen_server.erl"},{line,804}]},{proc_lib,init_p_do_apply,3,[{file,"proc_lib.erl"},{line,237}]}]}
    ancestors: [<0.303.0>,boss_web,boss_sup,<0.92.0>]
    messages: []
    links: [<0.303.0>]
    dictionary: [{boss_environment,development}]
    trap_exit: false
    status: running
    heap_size: 1598
    stack_size: 27
    reductions: 5750
  neighbours:
2016-12-16 00:48:28 =SUPERVISOR REPORT====
     Supervisor: {<0.303.0>,boss_router_sup}
     Context:    child_terminated
     Reason:     {badarg,[{erlang,list_to_atom,[undefined],[]},{boss_router_controller,handle,2,[{file,"src/boss/boss_router_controller.erl"},{line,146}]},{boss_router_controller,handle_call,3,[{file,"src/boss/boss_router_controller.erl"},{line,59}]},{gen_server,try_handle_call,4,[{file,"gen_server.erl"},{line,607}]},{gen_server,handle_msg,5,[{file,"gen_server.erl"},{line,639}]},{proc_lib,init_p_do_apply,3,[{file,"proc_lib.erl"},{line,237}]}]}
     Offender:   [{pid,<0.381.0>},{name,router_controller},{mfargs,{boss_router_controller,start_link,[[{application,currencyfair_server},{controllers,["currencyfair_server_home_controller","currencyfair_server_transactions_controller"]}]]}},{restart_type,permanent},{shutdown,2000},{child_type,worker}]

2016-12-16 00:49:04 =ERROR REPORT====
"Error in controller, see console.log for details\n"
2016-12-16 00:49:04 =ERROR REPORT====
POST /transactions/record [currencyfair_server] 500 137ms2016-12-16 00:51:03 =ERROR REPORT====
"Error in controller, see console.log for details\n"
2016-12-16 00:51:03 =ERROR REPORT====
POST /transactions/record [currencyfair_server] 500 141ms2016-12-16 00:51:14 =ERROR REPORT====
"Error in controller, see console.log for details\n"
2016-12-16 00:51:14 =ERROR REPORT====
POST /transactions/record [currencyfair_server] 500 16ms2016-12-16 02:55:15 =SUPERVISOR REPORT====
     Supervisor: {<0.152.0>,poolboy_sup}
     Context:    shutdown_error
     Reason:     shutdown
     Offender:   [{nb_children,7},{name,boss_session_controller},{mfargs,{boss_session_controller,start_link,[[{name,{local,boss_session_pool}},{worker_module,boss_session_controller},{size,20},{max_overflow,40},{adapter,boss_session_adapter_mock},{session_exp_time,525600},{session_key,"_boss_session"}]]}},{restart_type,temporary},{shutdown,5000},{child_type,worker}]

2016-12-16 13:17:35 =SUPERVISOR REPORT====
     Supervisor: {<0.148.0>,poolboy_sup}
     Context:    shutdown_error
     Reason:     shutdown
     Offender:   [{nb_children,13},{name,boss_session_controller},{mfargs,{boss_session_controller,start_link,[[{name,{local,boss_session_pool}},{worker_module,boss_session_controller},{size,20},{max_overflow,40},{adapter,boss_session_adapter_mock},{session_exp_time,525600},{session_key,"_boss_session"}]]}},{restart_type,temporary},{shutdown,5000},{child_type,worker}]

